# JRE version: OpenJDK Runtime Environment Zulu17.66+19-CA (17.0.19+10) (build 17.0.19+10-LTS)
# Java VM: OpenJDK Server VM Zulu17.66+19-CA (17.0.19+10-LTS, mixed mode, sharing, tiered, g1 gc, linux-x86)
Heap:
 garbage-first heap   total 131072K, used 65736K [0xc3200000, 0xe3200000)
  region size 1024K, 61 young (62464K), 8 survivors (8192K)
 Metaspace       used 7989K, committed 9024K, reserved 16384K
GC Heap History (12 events):
Event: 18.980 GC heap before
{Heap before GC invocations=0 (full 0):
 garbage-first heap   total 131072K, used 22528K [0xc3200000, 0xe3200000)
  region size 1024K, 23 young (23552K), 0 survivors (0K)
 Metaspace       used 4002K, committed 4352K, reserved 16384K
}
Event: 19.040 GC heap after
{Heap after GC invocations=1 (full 0):
 garbage-first heap   total 131072K, used 3210K [0xc3200000, 0xe3200000)
  region size 1024K, 3 young (3072K), 3 survivors (3072K)
 Metaspace       used 4002K, committed 4352K, reserved 16384K
}
Event: 26.606 GC heap before
{Heap before GC invocations=1 (full 0):
 garbage-first heap   total 131072K, used 32906K [0xc3200000, 0xe3200000)
  region size 1024K, 32 young (32768K), 3 survivors (3072K)
 Metaspace       used 4569K, committed 4992K, reserved 16384K
}
Event: 26.609 GC heap after
{Heap after GC invocations=2 (full 0):
 garbage-first heap   total 131072K, used 4485K [0xc3200000, 0xe3200000)
  region size 1024K, 2 young (2048K), 2 survivors (2048K)
 Metaspace       used 4569K, committed 4992K, reserved 16384K
}
Event: 33.780 GC heap before
{Heap before GC invocations=2 (full 0):
 garbage-first heap   total 131072K, used 80261K [0xc3200000, 0xe3200000)
  region size 1024K, 76 young (77824K), 2 survivors (2048K)
 Metaspace       used 5198K, committed 5760K, reserved 16384K
}
Event: 33.782 GC heap after
{Heap after GC invocations=3 (full 0):
 garbage-first heap   total 131072K, used 6420K [0xc3200000, 0xe3200000)
  region size 1024K, 4 young (4096K), 4 survivors (4096K)
 Metaspace       used 5198K, committed 5760K, reserved 16384K
}
Event: 39.069 GC heap before
{Heap before GC invocations=3 (full 0):
 garbage-first heap   total 131072K, used 80148K [0xc3200000, 0xe3200000)
  region size 1024K, 76 young (77824K), 4 survivors (4096K)
 Metaspace       used 5747K, committed 6400K, reserved 16384K
}
Event: 39.072 GC heap after
{Heap after GC invocations=4 (full 0):
 garbage-first heap   total 131072K, used 7807K [0xc3200000, 0xe3200000)
  region size 1024K, 5 young (5120K), 5 survivors (5120K)
 Metaspace       used 5747K, committed 6400K, reserved 16384K
}
Event: 45.197 GC heap before
{Heap before GC invocations=4 (full 0):
 garbage-first heap   total 131072K, used 80511K [0xc3200000, 0xe3200000)
  region size 1024K, 76 young (77824K), 5 survivors (5120K)
 Metaspace       used 6241K, committed 7040K, reserved 16384K
}
Event: 45.199 GC heap after
{Heap after GC invocations=5 (full 0):
 garbage-first heap   total 131072K, used 9282K [0xc3200000, 0xe3200000)
  region size 1024K, 6 young (6144K), 6 survivors (6144K)
 Metaspace       used 6241K, committed 7040K, reserved 16384K
}
Event: 56.007 GC heap before
{Heap before GC invocations=5 (full 0):
 garbage-first heap   total 131072K, used 80962K [0xc3200000, 0xe3200000)
  region size 1024K, 76 young (77824K), 6 survivors (6144K)
 Metaspace       used 7301K, committed 8256K, reserved 16384K
}
Event: 56.012 GC heap after
{Heap after GC invocations=6 (full 0):
 garbage-first heap   total 131072K, used 11976K [0xc3200000, 0xe3200000)
  region size 1024K, 8 young (8192K), 8 survivors (8192K)
 Metaspace       used 7301K, committed 8256K, reserved 16384K
}

