# JRE version: OpenJDK Runtime Environment Zulu17.66+19-CA (17.0.19+10) (build 17.0.19+10-LTS)
# Java VM: OpenJDK Server VM Zulu17.66+19-CA (17.0.19+10-LTS, mixed mode, sharing, tiered, g1 gc, linux-x86)
Heap:
 garbage-first heap   total 131072K, used 36499K [0xc3200000, 0xe3200000)
  region size 1024K, 33 young (33792K), 7 survivors (7168K)
 Metaspace       used 8784K, committed 9920K, reserved 16384K
GC Heap History (8 events):
Event: 16.883 GC heap before
{Heap before GC invocations=0 (full 0):
 garbage-first heap   total 131072K, used 22528K [0xc3200000, 0xe3200000)
  region size 1024K, 23 young (23552K), 0 survivors (0K)
 Metaspace       used 4009K, committed 4416K, reserved 16384K
}
Event: 16.953 GC heap after
{Heap after GC invocations=1 (full 0):
 garbage-first heap   total 131072K, used 3405K [0xc3200000, 0xe3200000)
  region size 1024K, 3 young (3072K), 3 survivors (3072K)
 Metaspace       used 4009K, committed 4416K, reserved 16384K
}
Event: 27.467 GC heap before
{Heap before GC invocations=1 (full 0):
 garbage-first heap   total 131072K, used 32077K [0xc3200000, 0xe3200000)
  region size 1024K, 31 young (31744K), 3 survivors (3072K)
 Metaspace       used 4648K, committed 5184K, reserved 16384K
}
Event: 27.470 GC heap after
{Heap after GC invocations=2 (full 0):
 garbage-first heap   total 131072K, used 4628K [0xc3200000, 0xe3200000)
  region size 1024K, 2 young (2048K), 2 survivors (2048K)
 Metaspace       used 4648K, committed 5184K, reserved 16384K
}
Event: 29.993 GC heap before
{Heap before GC invocations=2 (full 0):
 garbage-first heap   total 131072K, used 80404K [0xc3200000, 0xe3200000)
  region size 1024K, 76 young (77824K), 2 survivors (2048K)
 Metaspace       used 5957K, committed 6720K, reserved 16384K
}
Event: 29.996 GC heap after
{Heap after GC invocations=3 (full 0):
 garbage-first heap   total 131072K, used 6447K [0xc3200000, 0xe3200000)
  region size 1024K, 4 young (4096K), 4 survivors (4096K)
 Metaspace       used 5957K, committed 6720K, reserved 16384K
}
Event: 109.361 GC heap before
{Heap before GC invocations=3 (full 0):
 garbage-first heap   total 131072K, used 80175K [0xc3200000, 0xe3200000)
  region size 1024K, 76 young (77824K), 4 survivors (4096K)
 Metaspace       used 7516K, committed 8512K, reserved 16384K
}
Event: 109.365 GC heap after
{Heap after GC invocations=4 (full 0):
 garbage-first heap   total 131072K, used 10387K [0xc3200000, 0xe3200000)
  region size 1024K, 7 young (7168K), 7 survivors (7168K)
 Metaspace       used 7516K, committed 8512K, reserved 16384K
}

