# JRE version: OpenJDK Runtime Environment Zulu17.66+19-CA (17.0.19+10) (build 17.0.19+10-LTS)
# Java VM: OpenJDK Server VM Zulu17.66+19-CA (17.0.19+10-LTS, mixed mode, sharing, tiered, g1 gc, linux-x86)
Heap:
 garbage-first heap   total 131072K, used 23220K [0xc3200000, 0xe3200000)
  region size 1024K, 24 young (24576K), 3 survivors (3072K)
 Metaspace       used 3333K, committed 3584K, reserved 16384K
GC Heap History (10 events):
Event: 314.551 GC heap before
{Heap before GC invocations=0 (full 0):
 garbage-first heap   total 131072K, used 22528K [0xc3200000, 0xe3200000)
  region size 1024K, 23 young (23552K), 0 survivors (0K)
 Metaspace       used 3008K, committed 3200K, reserved 16384K
}
Event: 314.553 GC heap after
{Heap after GC invocations=1 (full 0):
 garbage-first heap   total 131072K, used 2464K [0xc3200000, 0xe3200000)
  region size 1024K, 3 young (3072K), 3 survivors (3072K)
 Metaspace       used 3008K, committed 3200K, reserved 16384K
}
Event: 1431.526 GC heap before
{Heap before GC invocations=1 (full 0):
 garbage-first heap   total 131072K, used 37280K [0xc3200000, 0xe3200000)
  region size 1024K, 37 young (37888K), 3 survivors (3072K)
 Metaspace       used 3054K, committed 3200K, reserved 16384K
}
Event: 1431.528 GC heap after
{Heap after GC invocations=2 (full 0):
 garbage-first heap   total 131072K, used 2632K [0xc3200000, 0xe3200000)
  region size 1024K, 3 young (3072K), 3 survivors (3072K)
 Metaspace       used 3054K, committed 3200K, reserved 16384K
}
Event: 4293.748 GC heap before
{Heap before GC invocations=2 (full 0):
 garbage-first heap   total 131072K, used 77384K [0xc3200000, 0xe3200000)
  region size 1024K, 76 young (77824K), 3 survivors (3072K)
 Metaspace       used 3292K, committed 3456K, reserved 16384K
}
Event: 4293.751 GC heap after
{Heap after GC invocations=3 (full 0):
 garbage-first heap   total 131072K, used 2764K [0xc3200000, 0xe3200000)
  region size 1024K, 3 young (3072K), 3 survivors (3072K)
 Metaspace       used 3292K, committed 3456K, reserved 16384K
}
Event: 7098.896 GC heap before
{Heap before GC invocations=3 (full 0):
 garbage-first heap   total 131072K, used 77516K [0xc3200000, 0xe3200000)
  region size 1024K, 76 young (77824K), 3 survivors (3072K)
 Metaspace       used 3312K, committed 3520K, reserved 16384K
}
Event: 7098.898 GC heap after
{Heap after GC invocations=4 (full 0):
 garbage-first heap   total 131072K, used 2364K [0xc3200000, 0xe3200000)
  region size 1024K, 3 young (3072K), 3 survivors (3072K)
 Metaspace       used 3312K, committed 3520K, reserved 16384K
}
Event: 9986.796 GC heap before
{Heap before GC invocations=4 (full 0):
 garbage-first heap   total 131072K, used 77116K [0xc3200000, 0xe3200000)
  region size 1024K, 76 young (77824K), 3 survivors (3072K)
 Metaspace       used 3331K, committed 3584K, reserved 16384K
}
Event: 9986.798 GC heap after
{Heap after GC invocations=5 (full 0):
 garbage-first heap   total 131072K, used 2228K [0xc3200000, 0xe3200000)
  region size 1024K, 3 young (3072K), 3 survivors (3072K)
 Metaspace       used 3331K, committed 3584K, reserved 16384K
}

