# JRE version: OpenJDK Runtime Environment Zulu17.66+19-CA (17.0.19+10) (build 17.0.19+10-LTS)
# Java VM: OpenJDK Server VM Zulu17.66+19-CA (17.0.19+10-LTS, mixed mode, sharing, tiered, g1 gc, linux-x86)
Heap:
 garbage-first heap   total 131072K, used 42970K [0xc3200000, 0xe3200000)
  region size 1024K, 40 young (40960K), 1 survivors (1024K)
 Metaspace       used 3437K, committed 3712K, reserved 16384K
GC Heap History (16 events):
Event: 630.960 GC heap before
{Heap before GC invocations=0 (full 0):
 garbage-first heap   total 131072K, used 22528K [0xc3200000, 0xe3200000)
  region size 1024K, 23 young (23552K), 0 survivors (0K)
 Metaspace       used 3157K, committed 3392K, reserved 16384K
}
Event: 630.963 GC heap after
{Heap after GC invocations=1 (full 0):
 garbage-first heap   total 131072K, used 2690K [0xc3200000, 0xe3200000)
  region size 1024K, 3 young (3072K), 3 survivors (3072K)
 Metaspace       used 3157K, committed 3392K, reserved 16384K
}
Event: 1620.470 GC heap before
{Heap before GC invocations=1 (full 0):
 garbage-first heap   total 131072K, used 36482K [0xc3200000, 0xe3200000)
  region size 1024K, 36 young (36864K), 3 survivors (3072K)
 Metaspace       used 3403K, committed 3712K, reserved 16384K
}
Event: 1620.473 GC heap after
{Heap after GC invocations=2 (full 0):
 garbage-first heap   total 131072K, used 3360K [0xc3200000, 0xe3200000)
  region size 1024K, 1 young (1024K), 1 survivors (1024K)
 Metaspace       used 3403K, committed 3712K, reserved 16384K
}
Event: 2887.379 GC heap before
{Heap before GC invocations=2 (full 0):
 garbage-first heap   total 131072K, used 80160K [0xc3200000, 0xe3200000)
  region size 1024K, 76 young (77824K), 1 survivors (1024K)
 Metaspace       used 3416K, committed 3712K, reserved 16384K
}
Event: 2887.380 GC heap after
{Heap after GC invocations=3 (full 0):
 garbage-first heap   total 131072K, used 3316K [0xc3200000, 0xe3200000)
  region size 1024K, 1 young (1024K), 1 survivors (1024K)
 Metaspace       used 3416K, committed 3712K, reserved 16384K
}
Event: 3940.881 GC heap before
{Heap before GC invocations=3 (full 0):
 garbage-first heap   total 131072K, used 80116K [0xc3200000, 0xe3200000)
  region size 1024K, 76 young (77824K), 1 survivors (1024K)
 Metaspace       used 3432K, committed 3712K, reserved 16384K
}
Event: 3940.882 GC heap after
{Heap after GC invocations=4 (full 0):
 garbage-first heap   total 131072K, used 3290K [0xc3200000, 0xe3200000)
  region size 1024K, 1 young (1024K), 1 survivors (1024K)
 Metaspace       used 3432K, committed 3712K, reserved 16384K
}
Event: 5145.273 GC heap before
{Heap before GC invocations=4 (full 0):
 garbage-first heap   total 131072K, used 80090K [0xc3200000, 0xe3200000)
  region size 1024K, 76 young (77824K), 1 survivors (1024K)
 Metaspace       used 3433K, committed 3712K, reserved 16384K
}
Event: 5145.274 GC heap after
{Heap after GC invocations=5 (full 0):
 garbage-first heap   total 131072K, used 3353K [0xc3200000, 0xe3200000)
  region size 1024K, 1 young (1024K), 1 survivors (1024K)
 Metaspace       used 3433K, committed 3712K, reserved 16384K
}
Event: 6678.588 GC heap before
{Heap before GC invocations=5 (full 0):
 garbage-first heap   total 131072K, used 80153K [0xc3200000, 0xe3200000)
  region size 1024K, 76 young (77824K), 1 survivors (1024K)
 Metaspace       used 3434K, committed 3712K, reserved 16384K
}
Event: 6678.589 GC heap after
{Heap after GC invocations=6 (full 0):
 garbage-first heap   total 131072K, used 3469K [0xc3200000, 0xe3200000)
  region size 1024K, 1 young (1024K), 1 survivors (1024K)
 Metaspace       used 3434K, committed 3712K, reserved 16384K
}
Event: 7753.439 GC heap before
{Heap before GC invocations=6 (full 0):
 garbage-first heap   total 131072K, used 80269K [0xc3200000, 0xe3200000)
  region size 1024K, 76 young (77824K), 1 survivors (1024K)
 Metaspace       used 3434K, committed 3712K, reserved 16384K
}
Event: 7753.440 GC heap after
{Heap after GC invocations=7 (full 0):
 garbage-first heap   total 131072K, used 3440K [0xc3200000, 0xe3200000)
  region size 1024K, 1 young (1024K), 1 survivors (1024K)
 Metaspace       used 3434K, committed 3712K, reserved 16384K
}
Event: 9908.688 GC heap before
{Heap before GC invocations=7 (full 0):
 garbage-first heap   total 131072K, used 80240K [0xc3200000, 0xe3200000)
  region size 1024K, 76 young (77824K), 1 survivors (1024K)
 Metaspace       used 3435K, committed 3712K, reserved 16384K
}
Event: 9908.689 GC heap after
{Heap after GC invocations=8 (full 0):
 garbage-first heap   total 131072K, used 3546K [0xc3200000, 0xe3200000)
  region size 1024K, 1 young (1024K), 1 survivors (1024K)
 Metaspace       used 3435K, committed 3712K, reserved 16384K
}

