# JRE version: OpenJDK Runtime Environment Zulu17.66+19-CA (17.0.19+10) (build 17.0.19+10-LTS)
# Java VM: OpenJDK Server VM Zulu17.66+19-CA (17.0.19+10-LTS, mixed mode, sharing, tiered, g1 gc, linux-x86)
Heap:
 garbage-first heap   total 131072K, used 72536K [0xc3200000, 0xe3200000)
  region size 1024K, 69 young (70656K), 1 survivors (1024K)
 Metaspace       used 3501K, committed 3776K, reserved 16384K
GC Heap History (10 events):
Event: 19.397 GC heap before
{Heap before GC invocations=0 (full 0):
 garbage-first heap   total 131072K, used 22528K [0xc3200000, 0xe3200000)
  region size 1024K, 23 young (23552K), 0 survivors (0K)
 Metaspace       used 3006K, committed 3200K, reserved 16384K
}
Event: 19.400 GC heap after
{Heap after GC invocations=1 (full 0):
 garbage-first heap   total 131072K, used 2905K [0xc3200000, 0xe3200000)
  region size 1024K, 3 young (3072K), 3 survivors (3072K)
 Metaspace       used 3006K, committed 3200K, reserved 16384K
}
Event: 1218.126 GC heap before
{Heap before GC invocations=1 (full 0):
 garbage-first heap   total 131072K, used 35673K [0xc3200000, 0xe3200000)
  region size 1024K, 35 young (35840K), 3 survivors (3072K)
 Metaspace       used 3432K, committed 3712K, reserved 16384K
}
Event: 1218.130 GC heap after
{Heap after GC invocations=2 (full 0):
 garbage-first heap   total 131072K, used 3714K [0xc3200000, 0xe3200000)
  region size 1024K, 1 young (1024K), 1 survivors (1024K)
 Metaspace       used 3432K, committed 3712K, reserved 16384K
}
Event: 2604.926 GC heap before
{Heap before GC invocations=2 (full 0):
 garbage-first heap   total 131072K, used 80514K [0xc3200000, 0xe3200000)
  region size 1024K, 76 young (77824K), 1 survivors (1024K)
 Metaspace       used 3468K, committed 3712K, reserved 16384K
}
Event: 2604.928 GC heap after
{Heap after GC invocations=3 (full 0):
 garbage-first heap   total 131072K, used 3528K [0xc3200000, 0xe3200000)
  region size 1024K, 1 young (1024K), 1 survivors (1024K)
 Metaspace       used 3468K, committed 3712K, reserved 16384K
}
Event: 3599.090 GC heap before
{Heap before GC invocations=3 (full 0):
 garbage-first heap   total 131072K, used 80328K [0xc3200000, 0xe3200000)
  region size 1024K, 76 young (77824K), 1 survivors (1024K)
 Metaspace       used 3479K, committed 3776K, reserved 16384K
}
Event: 3599.092 GC heap after
{Heap after GC invocations=4 (full 0):
 garbage-first heap   total 131072K, used 3479K [0xc3200000, 0xe3200000)
  region size 1024K, 1 young (1024K), 1 survivors (1024K)
 Metaspace       used 3479K, committed 3776K, reserved 16384K
}
Event: 6286.489 GC heap before
{Heap before GC invocations=4 (full 0):
 garbage-first heap   total 131072K, used 80279K [0xc3200000, 0xe3200000)
  region size 1024K, 76 young (77824K), 1 survivors (1024K)
 Metaspace       used 3492K, committed 3776K, reserved 16384K
}
Event: 6286.490 GC heap after
{Heap after GC invocations=5 (full 0):
 garbage-first heap   total 131072K, used 3416K [0xc3200000, 0xe3200000)
  region size 1024K, 1 young (1024K), 1 survivors (1024K)
 Metaspace       used 3492K, committed 3776K, reserved 16384K
}

