# JRE version: OpenJDK Runtime Environment Zulu17.66+19-CA (17.0.19+10) (build 17.0.19+10-LTS)
# Java VM: OpenJDK Server VM Zulu17.66+19-CA (17.0.19+10-LTS, mixed mode, sharing, tiered, g1 gc, linux-x86)
Heap:
 garbage-first heap   total 131072K, used 19710K [0xc3200000, 0xe3200000)
  region size 1024K, 17 young (17408K), 1 survivors (1024K)
 Metaspace       used 3514K, committed 3776K, reserved 16384K
GC Heap History (8 events):
Event: 20.491 GC heap before
{Heap before GC invocations=0 (full 0):
 garbage-first heap   total 131072K, used 22528K [0xc3200000, 0xe3200000)
  region size 1024K, 23 young (23552K), 0 survivors (0K)
 Metaspace       used 3056K, committed 3328K, reserved 16384K
}
Event: 20.496 GC heap after
{Heap after GC invocations=1 (full 0):
 garbage-first heap   total 131072K, used 2878K [0xc3200000, 0xe3200000)
  region size 1024K, 3 young (3072K), 3 survivors (3072K)
 Metaspace       used 3056K, committed 3328K, reserved 16384K
}
Event: 2761.604 GC heap before
{Heap before GC invocations=1 (full 0):
 garbage-first heap   total 131072K, used 35646K [0xc3200000, 0xe3200000)
  region size 1024K, 35 young (35840K), 3 survivors (3072K)
 Metaspace       used 3359K, committed 3584K, reserved 16384K
}
Event: 2761.607 GC heap after
{Heap after GC invocations=2 (full 0):
 garbage-first heap   total 131072K, used 3386K [0xc3200000, 0xe3200000)
  region size 1024K, 1 young (1024K), 1 survivors (1024K)
 Metaspace       used 3359K, committed 3584K, reserved 16384K
}
Event: 8702.544 GC heap before
{Heap before GC invocations=2 (full 0):
 garbage-first heap   total 131072K, used 80186K [0xc3200000, 0xe3200000)
  region size 1024K, 76 young (77824K), 1 survivors (1024K)
 Metaspace       used 3481K, committed 3776K, reserved 16384K
}
Event: 8702.545 GC heap after
{Heap after GC invocations=3 (full 0):
 garbage-first heap   total 131072K, used 3403K [0xc3200000, 0xe3200000)
  region size 1024K, 1 young (1024K), 1 survivors (1024K)
 Metaspace       used 3481K, committed 3776K, reserved 16384K
}
Event: 10372.417 GC heap before
{Heap before GC invocations=3 (full 0):
 garbage-first heap   total 131072K, used 80203K [0xc3200000, 0xe3200000)
  region size 1024K, 76 young (77824K), 1 survivors (1024K)
 Metaspace       used 3510K, committed 3776K, reserved 16384K
}
Event: 10372.418 GC heap after
{Heap after GC invocations=4 (full 0):
 garbage-first heap   total 131072K, used 3326K [0xc3200000, 0xe3200000)
  region size 1024K, 1 young (1024K), 1 survivors (1024K)
 Metaspace       used 3510K, committed 3776K, reserved 16384K
}

