# JRE version: OpenJDK Runtime Environment Zulu17.66+19-CA (17.0.19+10) (build 17.0.19+10-LTS)
# Java VM: OpenJDK Server VM Zulu17.66+19-CA (17.0.19+10-LTS, mixed mode, sharing, tiered, g1 gc, linux-x86)
Heap:
 garbage-first heap   total 131072K, used 16865K [0xc3200000, 0xe3200000)
  region size 1024K, 17 young (17408K), 3 survivors (3072K)
 Metaspace       used 3355K, committed 3584K, reserved 16384K
GC Heap History (8 events):
Event: 16.688 GC heap before
{Heap before GC invocations=0 (full 0):
 garbage-first heap   total 131072K, used 22528K [0xc3200000, 0xe3200000)
  region size 1024K, 23 young (23552K), 0 survivors (0K)
 Metaspace       used 2395K, committed 2560K, reserved 16384K
}
Event: 16.696 GC heap after
{Heap after GC invocations=1 (full 0):
 garbage-first heap   total 131072K, used 2213K [0xc3200000, 0xe3200000)
  region size 1024K, 3 young (3072K), 3 survivors (3072K)
 Metaspace       used 2395K, committed 2560K, reserved 16384K
}
Event: 891.209 GC heap before
{Heap before GC invocations=1 (full 0):
 garbage-first heap   total 131072K, used 38053K [0xc3200000, 0xe3200000)
  region size 1024K, 38 young (38912K), 3 survivors (3072K)
 Metaspace       used 3302K, committed 3520K, reserved 16384K
}
Event: 891.212 GC heap after
{Heap after GC invocations=2 (full 0):
 garbage-first heap   total 131072K, used 3234K [0xc3200000, 0xe3200000)
  region size 1024K, 4 young (4096K), 4 survivors (4096K)
 Metaspace       used 3302K, committed 3520K, reserved 16384K
}
Event: 5430.283 GC heap before
{Heap before GC invocations=2 (full 0):
 garbage-first heap   total 131072K, used 76962K [0xc3200000, 0xe3200000)
  region size 1024K, 76 young (77824K), 4 survivors (4096K)
 Metaspace       used 3326K, committed 3584K, reserved 16384K
}
Event: 5430.286 GC heap after
{Heap after GC invocations=3 (full 0):
 garbage-first heap   total 131072K, used 3072K [0xc3200000, 0xe3200000)
  region size 1024K, 3 young (3072K), 3 survivors (3072K)
 Metaspace       used 3326K, committed 3584K, reserved 16384K
}
Event: 9949.802 GC heap before
{Heap before GC invocations=3 (full 0):
 garbage-first heap   total 131072K, used 77824K [0xc3200000, 0xe3200000)
  region size 1024K, 76 young (77824K), 3 survivors (3072K)
 Metaspace       used 3354K, committed 3584K, reserved 16384K
}
Event: 9949.804 GC heap after
{Heap after GC invocations=4 (full 0):
 garbage-first heap   total 131072K, used 2529K [0xc3200000, 0xe3200000)
  region size 1024K, 3 young (3072K), 3 survivors (3072K)
 Metaspace       used 3354K, committed 3584K, reserved 16384K
}

