# JRE version: OpenJDK Runtime Environment Zulu17.66+19-CA (17.0.19+10) (build 17.0.19+10-LTS)
# Java VM: OpenJDK Server VM Zulu17.66+19-CA (17.0.19+10-LTS, mixed mode, sharing, tiered, g1 gc, linux-x86)
Heap:
 garbage-first heap   total 131072K, used 49045K [0xc3200000, 0xe3200000)
  region size 1024K, 39 young (39936K), 4 survivors (4096K)
 Metaspace       used 8602K, committed 9664K, reserved 16384K
GC Heap History (14 events):
Event: 22.903 GC heap before
{Heap before GC invocations=0 (full 0):
 garbage-first heap   total 131072K, used 22528K [0xc3200000, 0xe3200000)
  region size 1024K, 23 young (23552K), 0 survivors (0K)
 Metaspace       used 3055K, committed 3264K, reserved 16384K
}
Event: 22.906 GC heap after
{Heap after GC invocations=1 (full 0):
 garbage-first heap   total 131072K, used 2576K [0xc3200000, 0xe3200000)
  region size 1024K, 3 young (3072K), 3 survivors (3072K)
 Metaspace       used 3055K, committed 3264K, reserved 16384K
}
Event: 33.559 GC heap before
{Heap before GC invocations=1 (full 0):
 garbage-first heap   total 131072K, used 37392K [0xc3200000, 0xe3200000)
  region size 1024K, 37 young (37888K), 3 survivors (3072K)
 Metaspace       used 4759K, committed 5184K, reserved 16384K
}
Event: 33.564 GC heap after
{Heap after GC invocations=2 (full 0):
 garbage-first heap   total 131072K, used 4385K [0xc3200000, 0xe3200000)
  region size 1024K, 5 young (5120K), 5 survivors (5120K)
 Metaspace       used 4759K, committed 5184K, reserved 16384K
}
Event: 52.665 GC heap before
{Heap before GC invocations=2 (full 0):
 garbage-first heap   total 131072K, used 77089K [0xc3200000, 0xe3200000)
  region size 1024K, 76 young (77824K), 5 survivors (5120K)
 Metaspace       used 5443K, committed 6080K, reserved 16384K
}
Event: 52.671 GC heap after
{Heap after GC invocations=3 (full 0):
 garbage-first heap   total 131072K, used 6628K [0xc3200000, 0xe3200000)
  region size 1024K, 7 young (7168K), 7 survivors (7168K)
 Metaspace       used 5443K, committed 6080K, reserved 16384K
}
Event: 75.198 GC heap before
{Heap before GC invocations=3 (full 0):
 garbage-first heap   total 131072K, used 77284K [0xc3200000, 0xe3200000)
  region size 1024K, 76 young (77824K), 7 survivors (7168K)
 Metaspace       used 6753K, committed 7552K, reserved 16384K
}
Event: 75.205 GC heap after
{Heap after GC invocations=4 (full 0):
 garbage-first heap   total 131072K, used 10593K [0xc3200000, 0xe3200000)
  region size 1024K, 8 young (8192K), 8 survivors (8192K)
 Metaspace       used 6753K, committed 7552K, reserved 16384K
}
Event: 1834.247 GC heap before
{Heap before GC invocations=4 (full 0):
 garbage-first heap   total 131072K, used 80225K [0xc3200000, 0xe3200000)
  region size 1024K, 76 young (77824K), 8 survivors (8192K)
 Metaspace       used 7060K, committed 7872K, reserved 16384K
}
Event: 1834.251 GC heap after
{Heap after GC invocations=5 (full 0):
 garbage-first heap   total 131072K, used 12781K [0xc3200000, 0xe3200000)
  region size 1024K, 7 young (7168K), 7 survivors (7168K)
 Metaspace       used 7060K, committed 7872K, reserved 16384K
}
Event: 5764.312 GC heap before
{Heap before GC invocations=5 (full 0):
 garbage-first heap   total 131072K, used 83437K [0xc3200000, 0xe3200000)
  region size 1024K, 76 young (77824K), 7 survivors (7168K)
 Metaspace       used 7087K, committed 7936K, reserved 16384K
}
Event: 5764.315 GC heap after
{Heap after GC invocations=6 (full 0):
 garbage-first heap   total 131072K, used 12983K [0xc3200000, 0xe3200000)
  region size 1024K, 3 young (3072K), 3 survivors (3072K)
 Metaspace       used 7087K, committed 7936K, reserved 16384K
}
Event: 8829.393 GC heap before
{Heap before GC invocations=6 (full 0):
 garbage-first heap   total 131072K, used 87735K [0xc3200000, 0xe3200000)
  region size 1024K, 76 young (77824K), 3 survivors (3072K)
 Metaspace       used 8601K, committed 9664K, reserved 16384K
}
Event: 8829.395 GC heap after
{Heap after GC invocations=7 (full 0):
 garbage-first heap   total 131072K, used 13717K [0xc3200000, 0xe3200000)
  region size 1024K, 4 young (4096K), 4 survivors (4096K)
 Metaspace       used 8601K, committed 9664K, reserved 16384K
}

