# JRE version: OpenJDK Runtime Environment Zulu17.66+19-CA (17.0.19+10) (build 17.0.19+10-LTS)
# Java VM: OpenJDK Server VM Zulu17.66+19-CA (17.0.19+10-LTS, mixed mode, sharing, tiered, g1 gc, linux-x86)
Heap:
 garbage-first heap   total 131072K, used 47000K [0xc3200000, 0xe3200000)
  region size 1024K, 25 young (25600K), 5 survivors (5120K)
 Metaspace       used 10849K, committed 12416K, reserved 16384K
GC Heap History (20 events):
Event: 39.975 GC heap before
{Heap before GC invocations=4 (full 0):
 garbage-first heap   total 131072K, used 80218K [0xc3200000, 0xe3200000)
  region size 1024K, 76 young (77824K), 5 survivors (5120K)
 Metaspace       used 7230K, committed 8192K, reserved 16384K
}
Event: 39.978 GC heap after
{Heap after GC invocations=5 (full 0):
 garbage-first heap   total 131072K, used 10341K [0xc3200000, 0xe3200000)
  region size 1024K, 7 young (7168K), 7 survivors (7168K)
 Metaspace       used 7230K, committed 8192K, reserved 16384K
}
Event: 42.488 GC heap before
{Heap before GC invocations=5 (full 0):
 garbage-first heap   total 131072K, used 80997K [0xc3200000, 0xe3200000)
  region size 1024K, 76 young (77824K), 7 survivors (7168K)
 Metaspace       used 7442K, committed 8448K, reserved 16384K
}
Event: 42.492 GC heap after
{Heap after GC invocations=6 (full 0):
 garbage-first heap   total 131072K, used 11328K [0xc3200000, 0xe3200000)
  region size 1024K, 6 young (6144K), 6 survivors (6144K)
 Metaspace       used 7442K, committed 8448K, reserved 16384K
}
Event: 48.736 GC heap before
{Heap before GC invocations=6 (full 0):
 garbage-first heap   total 131072K, used 83008K [0xc3200000, 0xe3200000)
  region size 1024K, 76 young (77824K), 6 survivors (6144K)
 Metaspace       used 8530K, committed 9664K, reserved 16384K
}
Event: 48.741 GC heap after
{Heap after GC invocations=7 (full 0):
 garbage-first heap   total 131072K, used 14904K [0xc3200000, 0xe3200000)
  region size 1024K, 9 young (9216K), 9 survivors (9216K)
 Metaspace       used 8530K, committed 9664K, reserved 16384K
}
Event: 51.484 GC heap before
{Heap before GC invocations=7 (full 0):
 garbage-first heap   total 131072K, used 83512K [0xc3200000, 0xe3200000)
  region size 1024K, 76 young (77824K), 9 survivors (9216K)
 Metaspace       used 8822K, committed 10048K, reserved 16384K
}
Event: 51.489 GC heap after
{Heap after GC invocations=8 (full 0):
 garbage-first heap   total 131072K, used 16010K [0xc3200000, 0xe3200000)
  region size 1024K, 6 young (6144K), 6 survivors (6144K)
 Metaspace       used 8822K, committed 10048K, reserved 16384K
}
Event: 53.058 GC heap before
{Heap before GC invocations=8 (full 0):
 garbage-first heap   total 131072K, used 87690K [0xc3200000, 0xe3200000)
  region size 1024K, 76 young (77824K), 6 survivors (6144K)
 Metaspace       used 8951K, committed 10240K, reserved 16384K
}
Event: 53.061 GC heap after
{Heap after GC invocations=9 (full 0):
 garbage-first heap   total 131072K, used 16118K [0xc3200000, 0xe3200000)
  region size 1024K, 6 young (6144K), 6 survivors (6144K)
 Metaspace       used 8951K, committed 10240K, reserved 16384K
}
Event: 54.683 GC heap before
{Heap before GC invocations=9 (full 0):
 garbage-first heap   total 131072K, used 87798K [0xc3200000, 0xe3200000)
  region size 1024K, 76 young (77824K), 6 survivors (6144K)
 Metaspace       used 9476K, committed 10880K, reserved 16384K
}
Event: 54.686 GC heap after
{Heap after GC invocations=10 (full 0):
 garbage-first heap   total 131072K, used 17878K [0xc3200000, 0xe3200000)
  region size 1024K, 7 young (7168K), 7 survivors (7168K)
 Metaspace       used 9476K, committed 10880K, reserved 16384K
}
Event: 74.547 GC heap before
{Heap before GC invocations=10 (full 0):
 garbage-first heap   total 131072K, used 88534K [0xc3200000, 0xe3200000)
  region size 1024K, 76 young (77824K), 7 survivors (7168K)
 Metaspace       used 10257K, committed 11776K, reserved 16384K
}
Event: 74.552 GC heap after
{Heap after GC invocations=11 (full 0):
 garbage-first heap   total 131072K, used 21814K [0xc3200000, 0xe3200000)
  region size 1024K, 8 young (8192K), 8 survivors (8192K)
 Metaspace       used 10257K, committed 11776K, reserved 16384K
}
Event: 1025.813 GC heap before
{Heap before GC invocations=11 (full 0):
 garbage-first heap   total 131072K, used 91446K [0xc3200000, 0xe3200000)
  region size 1024K, 76 young (77824K), 8 survivors (8192K)
 Metaspace       used 10757K, committed 12352K, reserved 16384K
}
Event: 1025.819 GC heap after
{Heap after GC invocations=12 (full 0):
 garbage-first heap   total 131072K, used 26649K [0xc3200000, 0xe3200000)
  region size 1024K, 9 young (9216K), 9 survivors (9216K)
 Metaspace       used 10757K, committed 12352K, reserved 16384K
}
Event: 5096.536 GC heap before
{Heap before GC invocations=12 (full 0):
 garbage-first heap   total 131072K, used 95257K [0xc3200000, 0xe3200000)
  region size 1024K, 76 young (77824K), 9 survivors (9216K)
 Metaspace       used 10838K, committed 12416K, reserved 16384K
}
Event: 5096.541 GC heap after
{Heap after GC invocations=13 (full 0):
 garbage-first heap   total 131072K, used 26503K [0xc3200000, 0xe3200000)
  region size 1024K, 5 young (5120K), 5 survivors (5120K)
 Metaspace       used 10838K, committed 12416K, reserved 16384K
}
Event: 9536.641 GC heap before
{Heap before GC invocations=13 (full 0):
 garbage-first heap   total 131072K, used 99207K [0xc3200000, 0xe3200000)
  region size 1024K, 76 young (77824K), 5 survivors (5120K)
 Metaspace       used 10847K, committed 12416K, reserved 16384K
}
Event: 9536.643 GC heap after
{Heap after GC invocations=14 (full 0):
 garbage-first heap   total 131072K, used 26520K [0xc3200000, 0xe3200000)
  region size 1024K, 5 young (5120K), 5 survivors (5120K)
 Metaspace       used 10847K, committed 12416K, reserved 16384K
}

