# JRE version: OpenJDK Runtime Environment Zulu17.66+19-CA (17.0.19+10) (build 17.0.19+10-LTS)
# Java VM: OpenJDK Server VM Zulu17.66+19-CA (17.0.19+10-LTS, mixed mode, sharing, tiered, g1 gc, linux-x86)
Heap:
 garbage-first heap   total 131072K, used 29561K [0xc3200000, 0xe3200000)
  region size 1024K, 27 young (27648K), 1 survivors (1024K)
 Metaspace       used 3399K, committed 3584K, reserved 16384K
GC Heap History (8 events):
Event: 17.310 GC heap before
{Heap before GC invocations=0 (full 0):
 garbage-first heap   total 131072K, used 22528K [0xc3200000, 0xe3200000)
  region size 1024K, 23 young (23552K), 0 survivors (0K)
 Metaspace       used 2934K, committed 3136K, reserved 16384K
}
Event: 17.343 GC heap after
{Heap after GC invocations=1 (full 0):
 garbage-first heap   total 131072K, used 3062K [0xc3200000, 0xe3200000)
  region size 1024K, 3 young (3072K), 3 survivors (3072K)
 Metaspace       used 2934K, committed 3136K, reserved 16384K
}
Event: 3406.341 GC heap before
{Heap before GC invocations=1 (full 0):
 garbage-first heap   total 131072K, used 34806K [0xc3200000, 0xe3200000)
  region size 1024K, 34 young (34816K), 3 survivors (3072K)
 Metaspace       used 3260K, committed 3520K, reserved 16384K
}
Event: 3406.344 GC heap after
{Heap after GC invocations=2 (full 0):
 garbage-first heap   total 131072K, used 3367K [0xc3200000, 0xe3200000)
  region size 1024K, 1 young (1024K), 1 survivors (1024K)
 Metaspace       used 3260K, committed 3520K, reserved 16384K
}
Event: 8708.182 GC heap before
{Heap before GC invocations=2 (full 0):
 garbage-first heap   total 131072K, used 80167K [0xc3200000, 0xe3200000)
  region size 1024K, 76 young (77824K), 1 survivors (1024K)
 Metaspace       used 3382K, committed 3584K, reserved 16384K
}
Event: 8708.183 GC heap after
{Heap after GC invocations=3 (full 0):
 garbage-first heap   total 131072K, used 3581K [0xc3200000, 0xe3200000)
  region size 1024K, 1 young (1024K), 1 survivors (1024K)
 Metaspace       used 3382K, committed 3584K, reserved 16384K
}
Event: 10198.709 GC heap before
{Heap before GC invocations=3 (full 0):
 garbage-first heap   total 131072K, used 80381K [0xc3200000, 0xe3200000)
  region size 1024K, 76 young (77824K), 1 survivors (1024K)
 Metaspace       used 3394K, committed 3584K, reserved 16384K
}
Event: 10198.711 GC heap after
{Heap after GC invocations=4 (full 0):
 garbage-first heap   total 131072K, used 3449K [0xc3200000, 0xe3200000)
  region size 1024K, 1 young (1024K), 1 survivors (1024K)
 Metaspace       used 3394K, committed 3584K, reserved 16384K
}

