# JRE version: OpenJDK Runtime Environment Zulu17.66+19-CA (17.0.19+10) (build 17.0.19+10-LTS)
# Java VM: OpenJDK Server VM Zulu17.66+19-CA (17.0.19+10-LTS, mixed mode, sharing, tiered, g1 gc, linux-x86)
Heap:
 garbage-first heap   total 131072K, used 10121K [0xc3200000, 0xe3200000)
  region size 1024K, 10 young (10240K), 4 survivors (4096K)
 Metaspace       used 3609K, committed 3904K, reserved 16384K
GC Heap History (10 events):
Event: 14.440 GC heap before
{Heap before GC invocations=0 (full 0):
 garbage-first heap   total 131072K, used 22528K [0xc3200000, 0xe3200000)
  region size 1024K, 23 young (23552K), 0 survivors (0K)
 Metaspace       used 2441K, committed 2624K, reserved 16384K
}
Event: 14.464 GC heap after
{Heap after GC invocations=1 (full 0):
 garbage-first heap   total 131072K, used 2254K [0xc3200000, 0xe3200000)
  region size 1024K, 3 young (3072K), 3 survivors (3072K)
 Metaspace       used 2441K, committed 2624K, reserved 16384K
}
Event: 277.272 GC heap before
{Heap before GC invocations=1 (full 0):
 garbage-first heap   total 131072K, used 37070K [0xc3200000, 0xe3200000)
  region size 1024K, 37 young (37888K), 3 survivors (3072K)
 Metaspace       used 3208K, committed 3392K, reserved 16384K
}
Event: 277.275 GC heap after
{Heap after GC invocations=2 (full 0):
 garbage-first heap   total 131072K, used 3493K [0xc3200000, 0xe3200000)
  region size 1024K, 4 young (4096K), 4 survivors (4096K)
 Metaspace       used 3208K, committed 3392K, reserved 16384K
}
Event: 2239.175 GC heap before
{Heap before GC invocations=2 (full 0):
 garbage-first heap   total 131072K, used 77221K [0xc3200000, 0xe3200000)
  region size 1024K, 76 young (77824K), 4 survivors (4096K)
 Metaspace       used 3472K, committed 3712K, reserved 16384K
}
Event: 2239.179 GC heap after
{Heap after GC invocations=3 (full 0):
 garbage-first heap   total 131072K, used 3974K [0xc3200000, 0xe3200000)
  region size 1024K, 4 young (4096K), 4 survivors (4096K)
 Metaspace       used 3472K, committed 3712K, reserved 16384K
}
Event: 3900.622 GC heap before
{Heap before GC invocations=3 (full 0):
 garbage-first heap   total 131072K, used 77702K [0xc3200000, 0xe3200000)
  region size 1024K, 76 young (77824K), 4 survivors (4096K)
 Metaspace       used 3490K, committed 3712K, reserved 16384K
}
Event: 3900.625 GC heap after
{Heap after GC invocations=4 (full 0):
 garbage-first heap   total 131072K, used 3539K [0xc3200000, 0xe3200000)
  region size 1024K, 4 young (4096K), 4 survivors (4096K)
 Metaspace       used 3490K, committed 3712K, reserved 16384K
}
Event: 10089.642 GC heap before
{Heap before GC invocations=4 (full 0):
 garbage-first heap   total 131072K, used 77267K [0xc3200000, 0xe3200000)
  region size 1024K, 76 young (77824K), 4 survivors (4096K)
 Metaspace       used 3608K, committed 3904K, reserved 16384K
}
Event: 10089.644 GC heap after
{Heap after GC invocations=5 (full 0):
 garbage-first heap   total 131072K, used 3977K [0xc3200000, 0xe3200000)
  region size 1024K, 4 young (4096K), 4 survivors (4096K)
 Metaspace       used 3608K, committed 3904K, reserved 16384K
}

