# JRE version: OpenJDK Runtime Environment Zulu17.66+19-CA (17.0.19+10) (build 17.0.19+10-LTS)
# Java VM: OpenJDK Server VM Zulu17.66+19-CA (17.0.19+10-LTS, mixed mode, sharing, tiered, g1 gc, linux-x86)
Heap:
 garbage-first heap   total 131072K, used 28128K [0xc3200000, 0xe3200000)
  region size 1024K, 6 young (6144K), 5 survivors (5120K)
 Metaspace       used 12794K, committed 14592K, reserved 32768K
GC Heap History (20 events):
Event: 34.811 GC heap before
{Heap before GC invocations=5 (full 0):
 garbage-first heap   total 131072K, used 80931K [0xc3200000, 0xe3200000)
  region size 1024K, 76 young (77824K), 4 survivors (4096K)
 Metaspace       used 6533K, committed 7360K, reserved 16384K
}
Event: 34.815 GC heap after
{Heap after GC invocations=6 (full 0):
 garbage-first heap   total 131072K, used 9253K [0xc3200000, 0xe3200000)
  region size 1024K, 6 young (6144K), 6 survivors (6144K)
 Metaspace       used 6533K, committed 7360K, reserved 16384K
}
Event: 37.114 GC heap before
{Heap before GC invocations=6 (full 0):
 garbage-first heap   total 131072K, used 80933K [0xc3200000, 0xe3200000)
  region size 1024K, 76 young (77824K), 6 survivors (6144K)
 Metaspace       used 6913K, committed 7808K, reserved 16384K
}
Event: 37.119 GC heap after
{Heap after GC invocations=7 (full 0):
 garbage-first heap   total 131072K, used 11272K [0xc3200000, 0xe3200000)
  region size 1024K, 7 young (7168K), 7 survivors (7168K)
 Metaspace       used 6913K, committed 7808K, reserved 16384K
}
Event: 45.489 GC heap before
{Heap before GC invocations=7 (full 0):
 garbage-first heap   total 131072K, used 81928K [0xc3200000, 0xe3200000)
  region size 1024K, 76 young (77824K), 7 survivors (7168K)
 Metaspace       used 7499K, committed 8512K, reserved 16384K
}
Event: 45.493 GC heap after
{Heap after GC invocations=8 (full 0):
 garbage-first heap   total 131072K, used 13108K [0xc3200000, 0xe3200000)
  region size 1024K, 7 young (7168K), 7 survivors (7168K)
 Metaspace       used 7499K, committed 8512K, reserved 16384K
}
Event: 52.593 GC heap before
{Heap before GC invocations=8 (full 0):
 garbage-first heap   total 131072K, used 83764K [0xc3200000, 0xe3200000)
  region size 1024K, 76 young (77824K), 7 survivors (7168K)
 Metaspace       used 7821K, committed 8896K, reserved 16384K
}
Event: 52.598 GC heap after
{Heap after GC invocations=9 (full 0):
 garbage-first heap   total 131072K, used 15482K [0xc3200000, 0xe3200000)
  region size 1024K, 7 young (7168K), 7 survivors (7168K)
 Metaspace       used 7821K, committed 8896K, reserved 16384K
}
Event: 58.325 GC heap before
{Heap before GC invocations=9 (full 0):
 garbage-first heap   total 131072K, used 86138K [0xc3200000, 0xe3200000)
  region size 1024K, 76 young (77824K), 7 survivors (7168K)
 Metaspace       used 8520K, committed 9728K, reserved 16384K
}
Event: 58.328 GC heap after
{Heap after GC invocations=10 (full 0):
 garbage-first heap   total 131072K, used 17644K [0xc3200000, 0xe3200000)
  region size 1024K, 7 young (7168K), 7 survivors (7168K)
 Metaspace       used 8520K, committed 9728K, reserved 16384K
}
Event: 92.120 GC heap before
{Heap before GC invocations=10 (full 0):
 garbage-first heap   total 131072K, used 88300K [0xc3200000, 0xe3200000)
  region size 1024K, 76 young (77824K), 7 survivors (7168K)
 Metaspace       used 9701K, committed 11136K, reserved 16384K
}
Event: 92.125 GC heap after
{Heap after GC invocations=11 (full 0):
 garbage-first heap   total 131072K, used 22002K [0xc3200000, 0xe3200000)
  region size 1024K, 9 young (9216K), 9 survivors (9216K)
 Metaspace       used 9701K, committed 11136K, reserved 16384K
}
Event: 916.370 GC heap before
{Heap before GC invocations=11 (full 0):
 garbage-first heap   total 131072K, used 90610K [0xc3200000, 0xe3200000)
  region size 1024K, 76 young (77824K), 9 survivors (9216K)
 Metaspace       used 12205K, committed 13888K, reserved 16384K
}
Event: 916.376 GC heap after
{Heap after GC invocations=12 (full 0):
 garbage-first heap   total 131072K, used 26717K [0xc3200000, 0xe3200000)
  region size 1024K, 9 young (9216K), 9 survivors (9216K)
 Metaspace       used 12205K, committed 13888K, reserved 16384K
}
Event: 1219.318 GC heap before
{Heap before GC invocations=12 (full 0):
 garbage-first heap   total 131072K, used 95325K [0xc3200000, 0xe3200000)
  region size 1024K, 76 young (77824K), 9 survivors (9216K)
 Metaspace       used 12764K, committed 14592K, reserved 32768K
}
Event: 1219.322 GC heap after
{Heap after GC invocations=13 (full 0):
 garbage-first heap   total 131072K, used 27150K [0xc3200000, 0xe3200000)
  region size 1024K, 5 young (5120K), 5 survivors (5120K)
 Metaspace       used 12764K, committed 14592K, reserved 32768K
}
Event: 1621.101 GC heap before
{Heap before GC invocations=13 (full 0):
 garbage-first heap   total 131072K, used 99854K [0xc3200000, 0xe3200000)
  region size 1024K, 76 young (77824K), 5 survivors (5120K)
 Metaspace       used 12769K, committed 14592K, reserved 32768K
}
Event: 1621.104 GC heap after
{Heap after GC invocations=14 (full 0):
 garbage-first heap   total 131072K, used 27427K [0xc3200000, 0xe3200000)
  region size 1024K, 6 young (6144K), 6 survivors (6144K)
 Metaspace       used 12769K, committed 14592K, reserved 32768K
}
Event: 10668.163 GC heap before
{Heap before GC invocations=14 (full 0):
 garbage-first heap   total 131072K, used 99107K [0xc3200000, 0xe3200000)
  region size 1024K, 76 young (77824K), 6 survivors (6144K)
 Metaspace       used 12792K, committed 14592K, reserved 32768K
}
Event: 10668.166 GC heap after
{Heap after GC invocations=15 (full 0):
 garbage-first heap   total 131072K, used 27104K [0xc3200000, 0xe3200000)
  region size 1024K, 5 young (5120K), 5 survivors (5120K)
 Metaspace       used 12792K, committed 14592K, reserved 32768K
}

