# JRE version: OpenJDK Runtime Environment Zulu17.66+19-CA (17.0.19+10) (build 17.0.19+10-LTS)
# Java VM: OpenJDK Server VM Zulu17.66+19-CA (17.0.19+10-LTS, mixed mode, sharing, tiered, g1 gc, linux-x86)
Heap:
 garbage-first heap   total 131072K, used 32844K [0xc3200000, 0xe3200000)
  region size 1024K, 20 young (20480K), 5 survivors (5120K)
 Metaspace       used 7868K, committed 8832K, reserved 16384K
GC Heap History (18 events):
Event: 14.440 GC heap before
{Heap before GC invocations=0 (full 0):
 garbage-first heap   total 131072K, used 23552K [0xc3200000, 0xe3200000)
  region size 1024K, 23 young (23552K), 0 survivors (0K)
 Metaspace       used 4120K, committed 4416K, reserved 16384K
}
Event: 14.513 GC heap after
{Heap after GC invocations=1 (full 0):
 garbage-first heap   total 131072K, used 3210K [0xc3200000, 0xe3200000)
  region size 1024K, 3 young (3072K), 3 survivors (3072K)
 Metaspace       used 4120K, committed 4416K, reserved 16384K
}
Event: 18.843 GC heap before
{Heap before GC invocations=1 (full 0):
 garbage-first heap   total 131072K, used 31882K [0xc3200000, 0xe3200000)
  region size 1024K, 31 young (31744K), 3 survivors (3072K)
 Metaspace       used 4741K, committed 5120K, reserved 16384K
}
Event: 18.847 GC heap after
{Heap after GC invocations=2 (full 0):
 garbage-first heap   total 131072K, used 4436K [0xc3200000, 0xe3200000)
  region size 1024K, 2 young (2048K), 2 survivors (2048K)
 Metaspace       used 4741K, committed 5120K, reserved 16384K
}
Event: 33.325 GC heap before
{Heap before GC invocations=2 (full 0):
 garbage-first heap   total 131072K, used 80212K [0xc3200000, 0xe3200000)
  region size 1024K, 76 young (77824K), 2 survivors (2048K)
 Metaspace       used 6342K, committed 7040K, reserved 16384K
}
Event: 33.329 GC heap after
{Heap after GC invocations=3 (full 0):
 garbage-first heap   total 131072K, used 7712K [0xc3200000, 0xe3200000)
  region size 1024K, 5 young (5120K), 5 survivors (5120K)
 Metaspace       used 6342K, committed 7040K, reserved 16384K
}
Event: 42.855 GC heap before
{Heap before GC invocations=3 (full 0):
 garbage-first heap   total 131072K, used 80416K [0xc3200000, 0xe3200000)
  region size 1024K, 76 young (77824K), 5 survivors (5120K)
 Metaspace       used 7288K, committed 8064K, reserved 16384K
}
Event: 42.860 GC heap after
{Heap after GC invocations=4 (full 0):
 garbage-first heap   total 131072K, used 11352K [0xc3200000, 0xe3200000)
  region size 1024K, 8 young (8192K), 8 survivors (8192K)
 Metaspace       used 7288K, committed 8064K, reserved 16384K
}
Event: 129.867 GC heap before
{Heap before GC invocations=4 (full 0):
 garbage-first heap   total 131072K, used 80984K [0xc3200000, 0xe3200000)
  region size 1024K, 76 young (77824K), 8 survivors (8192K)
 Metaspace       used 7788K, committed 8768K, reserved 16384K
}
Event: 129.872 GC heap after
{Heap after GC invocations=5 (full 0):
 garbage-first heap   total 131072K, used 13990K [0xc3200000, 0xe3200000)
  region size 1024K, 7 young (7168K), 7 survivors (7168K)
 Metaspace       used 7788K, committed 8768K, reserved 16384K
}
Event: 511.841 GC heap before
{Heap before GC invocations=5 (full 0):
 garbage-first heap   total 131072K, used 84646K [0xc3200000, 0xe3200000)
  region size 1024K, 76 young (77824K), 7 survivors (7168K)
 Metaspace       used 7811K, committed 8768K, reserved 16384K
}
Event: 511.846 GC heap after
{Heap after GC invocations=6 (full 0):
 garbage-first heap   total 131072K, used 16989K [0xc3200000, 0xe3200000)
  region size 1024K, 6 young (6144K), 6 survivors (6144K)
 Metaspace       used 7811K, committed 8768K, reserved 16384K
}
Event: 2617.850 GC heap before
{Heap before GC invocations=6 (full 0):
 garbage-first heap   total 131072K, used 88669K [0xc3200000, 0xe3200000)
  region size 1024K, 76 young (77824K), 6 survivors (6144K)
 Metaspace       used 7849K, committed 8832K, reserved 16384K
}
Event: 2617.853 GC heap after
{Heap after GC invocations=7 (full 0):
 garbage-first heap   total 131072K, used 17930K [0xc3200000, 0xe3200000)
  region size 1024K, 7 young (7168K), 7 survivors (7168K)
 Metaspace       used 7849K, committed 8832K, reserved 16384K
}
Event: 6264.817 GC heap before
{Heap before GC invocations=7 (full 0):
 garbage-first heap   total 131072K, used 88586K [0xc3200000, 0xe3200000)
  region size 1024K, 76 young (77824K), 7 survivors (7168K)
 Metaspace       used 7858K, committed 8832K, reserved 16384K
}
Event: 6264.821 GC heap after
{Heap after GC invocations=8 (full 0):
 garbage-first heap   total 131072K, used 18073K [0xc3200000, 0xe3200000)
  region size 1024K, 5 young (5120K), 5 survivors (5120K)
 Metaspace       used 7858K, committed 8832K, reserved 16384K
}
Event: 10026.793 GC heap before
{Heap before GC invocations=8 (full 0):
 garbage-first heap   total 131072K, used 90777K [0xc3200000, 0xe3200000)
  region size 1024K, 76 young (77824K), 5 survivors (5120K)
 Metaspace       used 7867K, committed 8832K, reserved 16384K
}
Event: 10026.795 GC heap after
{Heap after GC invocations=9 (full 0):
 garbage-first heap   total 131072K, used 17996K [0xc3200000, 0xe3200000)
  region size 1024K, 5 young (5120K), 5 survivors (5120K)
 Metaspace       used 7867K, committed 8832K, reserved 16384K
}

