# JRE version: OpenJDK Runtime Environment Zulu17.66+19-CA (17.0.19+10) (build 17.0.19+10-LTS)
# Java VM: OpenJDK Server VM Zulu17.66+19-CA (17.0.19+10-LTS, mixed mode, sharing, tiered, g1 gc, linux-x86)
Heap:
 garbage-first heap   total 131072K, used 61259K [0xc3200000, 0xe3200000)
  region size 1024K, 30 young (30720K), 2 survivors (2048K)
 Metaspace       used 15922K, committed 18560K, reserved 32768K
GC Heap History (20 events):
Event: 2591.614 GC heap before
{Heap before GC invocations=18 (full 0):
 garbage-first heap   total 131072K, used 35897K [0xc3200000, 0xe3200000)
  region size 1024K, 6 young (6144K), 5 survivors (5120K)
 Metaspace       used 14303K, committed 16640K, reserved 32768K
}
Event: 2591.620 GC heap after
{Heap after GC invocations=19 (full 0):
 garbage-first heap   total 131072K, used 32361K [0xc3200000, 0xe3200000)
  region size 1024K, 1 young (1024K), 1 survivors (1024K)
 Metaspace       used 14303K, committed 16640K, reserved 32768K
}
Event: 3530.641 GC heap before
{Heap before GC invocations=19 (full 0):
 garbage-first heap   total 131072K, used 109161K [0xc3200000, 0xe3200000)
  region size 1024K, 76 young (77824K), 1 survivors (1024K)
 Metaspace       used 14558K, committed 16960K, reserved 32768K
}
Event: 3530.642 GC heap after
{Heap after GC invocations=20 (full 0):
 garbage-first heap   total 131072K, used 32238K [0xc3200000, 0xe3200000)
  region size 1024K, 1 young (1024K), 1 survivors (1024K)
 Metaspace       used 14558K, committed 16960K, reserved 32768K
}
Event: 4291.641 GC heap before
{Heap before GC invocations=20 (full 0):
 garbage-first heap   total 131072K, used 109038K [0xc3200000, 0xe3200000)
  region size 1024K, 76 young (77824K), 1 survivors (1024K)
 Metaspace       used 14749K, committed 17216K, reserved 32768K
}
Event: 4291.642 GC heap after
{Heap after GC invocations=21 (full 0):
 garbage-first heap   total 131072K, used 32172K [0xc3200000, 0xe3200000)
  region size 1024K, 1 young (1024K), 1 survivors (1024K)
 Metaspace       used 14749K, committed 17216K, reserved 32768K
}
Event: 5087.589 GC heap before
{Heap before GC invocations=21 (full 0):
 garbage-first heap   total 131072K, used 108972K [0xc3200000, 0xe3200000)
  region size 1024K, 76 young (77824K), 1 survivors (1024K)
 Metaspace       used 14764K, committed 17216K, reserved 32768K
}
Event: 5087.590 GC heap after
{Heap after GC invocations=22 (full 0):
 garbage-first heap   total 131072K, used 32189K [0xc3200000, 0xe3200000)
  region size 1024K, 1 young (1024K), 1 survivors (1024K)
 Metaspace       used 14764K, committed 17216K, reserved 32768K
}
Event: 6316.610 GC heap before
{Heap before GC invocations=22 (full 0):
 garbage-first heap   total 131072K, used 108989K [0xc3200000, 0xe3200000)
  region size 1024K, 76 young (77824K), 1 survivors (1024K)
 Metaspace       used 14771K, committed 17216K, reserved 32768K
}
Event: 6316.612 GC heap after
{Heap after GC invocations=23 (full 0):
 garbage-first heap   total 131072K, used 32105K [0xc3200000, 0xe3200000)
  region size 1024K, 1 young (1024K), 1 survivors (1024K)
 Metaspace       used 14771K, committed 17216K, reserved 32768K
}
Event: 7518.592 GC heap before
{Heap before GC invocations=23 (full 0):
 garbage-first heap   total 131072K, used 108905K [0xc3200000, 0xe3200000)
  region size 1024K, 76 young (77824K), 1 survivors (1024K)
 Metaspace       used 14778K, committed 17280K, reserved 32768K
}
Event: 7518.593 GC heap after
{Heap after GC invocations=24 (full 0):
 garbage-first heap   total 131072K, used 32115K [0xc3200000, 0xe3200000)
  region size 1024K, 1 young (1024K), 1 survivors (1024K)
 Metaspace       used 14778K, committed 17280K, reserved 32768K
}
Event: 8312.736 GC heap before
{Heap before GC invocations=24 (full 0):
 garbage-first heap   total 131072K, used 108915K [0xc3200000, 0xe3200000)
  region size 1024K, 76 young (77824K), 1 survivors (1024K)
 Metaspace       used 14780K, committed 17280K, reserved 32768K
}
Event: 8312.738 GC heap after
{Heap after GC invocations=25 (full 0):
 garbage-first heap   total 131072K, used 32095K [0xc3200000, 0xe3200000)
  region size 1024K, 1 young (1024K), 1 survivors (1024K)
 Metaspace       used 14780K, committed 17280K, reserved 32768K
}
Event: 8878.468 GC heap before
{Heap before GC invocations=25 (full 0):
 garbage-first heap   total 131072K, used 108895K [0xc3200000, 0xe3200000)
  region size 1024K, 76 young (77824K), 1 survivors (1024K)
 Metaspace       used 15372K, committed 17856K, reserved 32768K
}
Event: 8878.469 GC heap after
{Heap after GC invocations=26 (full 0):
 garbage-first heap   total 131072K, used 32586K [0xc3200000, 0xe3200000)
  region size 1024K, 2 young (2048K), 2 survivors (2048K)
 Metaspace       used 15372K, committed 17856K, reserved 32768K
}
Event: 9384.619 GC heap before
{Heap before GC invocations=26 (full 0):
 garbage-first heap   total 131072K, used 108362K [0xc3200000, 0xe3200000)
  region size 1024K, 76 young (77824K), 2 survivors (2048K)
 Metaspace       used 15528K, committed 18048K, reserved 32768K
}
Event: 9384.621 GC heap after
{Heap after GC invocations=27 (full 0):
 garbage-first heap   total 131072K, used 32575K [0xc3200000, 0xe3200000)
  region size 1024K, 2 young (2048K), 2 survivors (2048K)
 Metaspace       used 15528K, committed 18048K, reserved 32768K
}
Event: 10616.755 GC heap before
{Heap before GC invocations=27 (full 0):
 garbage-first heap   total 131072K, used 108351K [0xc3200000, 0xe3200000)
  region size 1024K, 76 young (77824K), 2 survivors (2048K)
 Metaspace       used 15536K, committed 18048K, reserved 32768K
}
Event: 10616.757 GC heap after
{Heap after GC invocations=28 (full 0):
 garbage-first heap   total 131072K, used 32587K [0xc3200000, 0xe3200000)
  region size 1024K, 2 young (2048K), 2 survivors (2048K)
 Metaspace       used 15536K, committed 18048K, reserved 32768K
}

